# JRE version: Java(TM) SE Runtime Environment (8.0_144-b01) (build 1.8.0_144-b01)
# Java VM: Java HotSpot(TM) 64-Bit Server VM (25.144-b01 mixed mode windows-amd64 compressed oops)
Heap:
 PSYoungGen      total 90624K, used 48624K [0x00000000eab00000, 0x00000000f1000000, 0x0000000100000000)
  eden space 80896K, 48% used [0x00000000eab00000,0x00000000ed0fd968,0x00000000efa00000)
  from space 9728K, 99% used [0x00000000f0500000,0x00000000f0e7e718,0x00000000f0e80000)
  to   space 11264K, 0% used [0x00000000efa00000,0x00000000efa00000,0x00000000f0500000)
 ParOldGen       total 100864K, used 33184K [0x00000000c0000000, 0x00000000c6280000, 0x00000000eab00000)
  object space 100864K, 32% used [0x00000000c0000000,0x00000000c20682a8,0x00000000c6280000)
 Metaspace       used 63031K, capacity 64678K, committed 64792K, reserved 1105920K
  class space    used 8462K, capacity 8907K, committed 9008K, reserved 1048576K
GC Heap History (10 events):
Event: 49.244 GC heap before
{Heap before GC invocations=19 (full 2):
 PSYoungGen      total 66560K, used 64579K [0x00000000eab00000, 0x00000000f0b80000, 0x0000000100000000)
  eden space 57344K, 100% used [0x00000000eab00000,0x00000000ee300000,0x00000000ee300000)
  from space 9216K, 78% used [0x00000000eec80000,0x00000000ef390eb8,0x00000000ef580000)
  to   space 9728K, 0% used [0x00000000ee300000,0x00000000ee300000,0x00000000eec80000)
 ParOldGen       total 64512K, used 26528K [0x00000000c0000000, 0x00000000c3f00000, 0x00000000eab00000)
  object space 64512K, 41% used [0x00000000c0000000,0x00000000c19e8270,0x00000000c3f00000)
 Metaspace       used 57204K, capacity 58726K, committed 58928K, reserved 1099776K
  class space    used 8030K, capacity 8489K, committed 8496K, reserved 1048576K
Event: 49.258 GC heap after
Heap after GC invocations=19 (full 2):
 PSYoungGen      total 67072K, used 6748K [0x00000000eab00000, 0x00000000f0480000, 0x0000000100000000)
  eden space 57344K, 0% used [0x00000000eab00000,0x00000000eab00000,0x00000000ee300000)
  from space 9728K, 69% used [0x00000000ee300000,0x00000000ee997128,0x00000000eec80000)
  to   space 9728K, 0% used [0x00000000efb00000,0x00000000efb00000,0x00000000f0480000)
 ParOldGen       total 64512K, used 29402K [0x00000000c0000000, 0x00000000c3f00000, 0x00000000eab00000)
  object space 64512K, 45% used [0x00000000c0000000,0x00000000c1cb6aa0,0x00000000c3f00000)
 Metaspace       used 57204K, capacity 58726K, committed 58928K, reserved 1099776K
  class space    used 8030K, capacity 8489K, committed 8496K, reserved 1048576K
}
Event: 50.138 GC heap before
{Heap before GC invocations=20 (full 2):
 PSYoungGen      total 67072K, used 15706K [0x00000000eab00000, 0x00000000f0480000, 0x0000000100000000)
  eden space 57344K, 15% used [0x00000000eab00000,0x00000000eb3bf790,0x00000000ee300000)
  from space 9728K, 69% used [0x00000000ee300000,0x00000000ee997128,0x00000000eec80000)
  to   space 9728K, 0% used [0x00000000efb00000,0x00000000efb00000,0x00000000f0480000)
 ParOldGen       total 64512K, used 29402K [0x00000000c0000000, 0x00000000c3f00000, 0x00000000eab00000)
  object space 64512K, 45% used [0x00000000c0000000,0x00000000c1cb6aa0,0x00000000c3f00000)
 Metaspace       used 57556K, capacity 59046K, committed 59160K, reserved 1099776K
  class space    used 8064K, capacity 8489K, committed 8496K, reserved 1048576K
Event: 50.144 GC heap after
Heap after GC invocations=20 (full 2):
 PSYoungGen      total 81408K, used 535K [0x00000000eab00000, 0x00000000f0580000, 0x0000000100000000)
  eden space 71680K, 0% used [0x00000000eab00000,0x00000000eab00000,0x00000000ef100000)
  from space 9728K, 5% used [0x00000000efb00000,0x00000000efb85dd0,0x00000000f0480000)
  to   space 10240K, 0% used [0x00000000ef100000,0x00000000ef100000,0x00000000efb00000)
 ParOldGen       total 64512K, used 33861K [0x00000000c0000000, 0x00000000c3f00000, 0x00000000eab00000)
  object space 64512K, 52% used [0x00000000c0000000,0x00000000c2111570,0x00000000c3f00000)
 Metaspace       used 57556K, capacity 59046K, committed 59160K, reserved 1099776K
  class space    used 8064K, capacity 8489K, committed 8496K, reserved 1048576K
}
Event: 50.144 GC heap before
{Heap before GC invocations=21 (full 3):
 PSYoungGen      total 81408K, used 535K [0x00000000eab00000, 0x00000000f0580000, 0x0000000100000000)
  eden space 71680K, 0% used [0x00000000eab00000,0x00000000eab00000,0x00000000ef100000)
  from space 9728K, 5% used [0x00000000efb00000,0x00000000efb85dd0,0x00000000f0480000)
  to   space 10240K, 0% used [0x00000000ef100000,0x00000000ef100000,0x00000000efb00000)
 ParOldGen       total 64512K, used 33861K [0x00000000c0000000, 0x00000000c3f00000, 0x00000000eab00000)
  object space 64512K, 52% used [0x00000000c0000000,0x00000000c2111570,0x00000000c3f00000)
 Metaspace       used 57556K, capacity 59046K, committed 59160K, reserved 1099776K
  class space    used 8064K, capacity 8489K, committed 8496K, reserved 1048576K
Event: 50.430 GC heap after
Heap after GC invocations=21 (full 3):
 PSYoungGen      total 81408K, used 0K [0x00000000eab00000, 0x00000000f0580000, 0x0000000100000000)
  eden space 71680K, 0% used [0x00000000eab00000,0x00000000eab00000,0x00000000ef100000)
  from space 9728K, 0% used [0x00000000efb00000,0x00000000efb00000,0x00000000f0480000)
  to   space 10240K, 0% used [0x00000000ef100000,0x00000000ef100000,0x00000000efb00000)
 ParOldGen       total 100864K, used 32603K [0x00000000c0000000, 0x00000000c6280000, 0x00000000eab00000)
  object space 100864K, 32% used [0x00000000c0000000,0x00000000c1fd6cd8,0x00000000c6280000)
 Metaspace       used 57556K, capacity 59046K, committed 59160K, reserved 1099776K
  class space    used 8064K, capacity 8489K, committed 8496K, reserved 1048576K
}
Event: 53.522 GC heap before
{Heap before GC invocations=22 (full 3):
 PSYoungGen      total 81408K, used 71680K [0x00000000eab00000, 0x00000000f0580000, 0x0000000100000000)
  eden space 71680K, 100% used [0x00000000eab00000,0x00000000ef100000,0x00000000ef100000)
  from space 9728K, 0% used [0x00000000efb00000,0x00000000efb00000,0x00000000f0480000)
  to   space 10240K, 0% used [0x00000000ef100000,0x00000000ef100000,0x00000000efb00000)
 ParOldGen       total 100864K, used 32603K [0x00000000c0000000, 0x00000000c6280000, 0x00000000eab00000)
  object space 100864K, 32% used [0x00000000c0000000,0x00000000c1fd6cd8,0x00000000c6280000)
 Metaspace       used 58908K, capacity 60552K, committed 60696K, reserved 1101824K
  class space    used 8198K, capacity 8638K, committed 8752K, reserved 1048576K
Event: 53.537 GC heap after
Heap after GC invocations=22 (full 3):
 PSYoungGen      total 81920K, used 5085K [0x00000000eab00000, 0x00000000f0e80000, 0x0000000100000000)
  eden space 71680K, 0% used [0x00000000eab00000,0x00000000eab00000,0x00000000ef100000)
  from space 10240K, 49% used [0x00000000ef100000,0x00000000ef5f7458,0x00000000efb00000)
  to   space 9728K, 0% used [0x00000000f0500000,0x00000000f0500000,0x00000000f0e80000)
 ParOldGen       total 100864K, used 32611K [0x00000000c0000000, 0x00000000c6280000, 0x00000000eab00000)
  object space 100864K, 32% used [0x00000000c0000000,0x00000000c1fd8cd8,0x00000000c6280000)
 Metaspace       used 58908K, capacity 60552K, committed 60696K, reserved 1101824K
  class space    used 8198K, capacity 8638K, committed 8752K, reserved 1048576K
}
Event: 390.853 GC heap before
{Heap before GC invocations=23 (full 3):
 PSYoungGen      total 81920K, used 76765K [0x00000000eab00000, 0x00000000f0e80000, 0x0000000100000000)
  eden space 71680K, 100% used [0x00000000eab00000,0x00000000ef100000,0x00000000ef100000)
  from space 10240K, 49% used [0x00000000ef100000,0x00000000ef5f7458,0x00000000efb00000)
  to   space 9728K, 0% used [0x00000000f0500000,0x00000000f0500000,0x00000000f0e80000)
 ParOldGen       total 100864K, used 32611K [0x00000000c0000000, 0x00000000c6280000, 0x00000000eab00000)
  object space 100864K, 32% used [0x00000000c0000000,0x00000000c1fd8cd8,0x00000000c6280000)
 Metaspace       used 62637K, capacity 64194K, committed 64536K, reserved 1105920K
  class space    used 8453K, capacity 8891K, committed 9008K, reserved 1048576K
Event: 390.867 GC heap after
Heap after GC invocations=23 (full 3):
 PSYoungGen      total 90624K, used 9721K [0x00000000eab00000, 0x00000000f1000000, 0x0000000100000000)
  eden space 80896K, 0% used [0x00000000eab00000,0x00000000eab00000,0x00000000efa00000)
  from space 9728K, 99% used [0x00000000f0500000,0x00000000f0e7e718,0x00000000f0e80000)
  to   space 11264K, 0% used [0x00000000efa00000,0x00000000efa00000,0x00000000f0500000)
 ParOldGen       total 100864K, used 33184K [0x00000000c0000000, 0x00000000c6280000, 0x00000000eab00000)
  object space 100864K, 32% used [0x00000000c0000000,0x00000000c20682a8,0x00000000c6280000)
 Metaspace       used 62637K, capacity 64194K, committed 64536K, reserved 1105920K
  class space    used 8453K, capacity 8891K, committed 9008K, reserved 1048576K
}

