# JRE version: Java(TM) SE Runtime Environment (8.0_144-b01) (build 1.8.0_144-b01)
# Java VM: Java HotSpot(TM) 64-Bit Server VM (25.144-b01 mixed mode windows-amd64 compressed oops)
Heap:
 PSYoungGen      total 38400K, used 784K [0x00000000eab00000, 0x00000000ed580000, 0x0000000100000000)
  eden space 33280K, 0% used [0x00000000eab00000,0x00000000eab00000,0x00000000ecb80000)
  from space 5120K, 15% used [0x00000000ecb80000,0x00000000ecc44128,0x00000000ed080000)
  to   space 5120K, 0% used [0x00000000ed080000,0x00000000ed080000,0x00000000ed580000)
 ParOldGen       total 60928K, used 17128K [0x00000000c0000000, 0x00000000c3b80000, 0x00000000eab00000)
  object space 60928K, 28% used [0x00000000c0000000,0x00000000c10ba030,0x00000000c3b80000)
 Metaspace       used 34779K, capacity 35298K, committed 35496K, reserved 1079296K
  class space    used 4895K, capacity 5141K, committed 5168K, reserved 1048576K
GC Heap History (10 events):
Event: 5.310 GC heap after
Heap after GC invocations=8 (full 1):
 PSYoungGen      total 38400K, used 5099K [0x00000000eab00000, 0x00000000ed580000, 0x0000000100000000)
  eden space 33280K, 0% used [0x00000000eab00000,0x00000000eab00000,0x00000000ecb80000)
  from space 5120K, 99% used [0x00000000ecb80000,0x00000000ed07af28,0x00000000ed080000)
  to   space 5120K, 0% used [0x00000000ed080000,0x00000000ed080000,0x00000000ed580000)
 ParOldGen       total 60928K, used 9018K [0x00000000c0000000, 0x00000000c3b80000, 0x00000000eab00000)
  object space 60928K, 14% used [0x00000000c0000000,0x00000000c08ce970,0x00000000c3b80000)
 Metaspace       used 26626K, capacity 27030K, committed 27184K, reserved 1073152K
  class space    used 3705K, capacity 3856K, committed 3888K, reserved 1048576K
}
Event: 5.747 GC heap before
{Heap before GC invocations=9 (full 1):
 PSYoungGen      total 38400K, used 38379K [0x00000000eab00000, 0x00000000ed580000, 0x0000000100000000)
  eden space 33280K, 100% used [0x00000000eab00000,0x00000000ecb80000,0x00000000ecb80000)
  from space 5120K, 99% used [0x00000000ecb80000,0x00000000ed07af28,0x00000000ed080000)
  to   space 5120K, 0% used [0x00000000ed080000,0x00000000ed080000,0x00000000ed580000)
 ParOldGen       total 60928K, used 9018K [0x00000000c0000000, 0x00000000c3b80000, 0x00000000eab00000)
  object space 60928K, 14% used [0x00000000c0000000,0x00000000c08ce970,0x00000000c3b80000)
 Metaspace       used 28435K, capacity 28860K, committed 29104K, reserved 1075200K
  class space    used 4036K, capacity 4209K, committed 4272K, reserved 1048576K
Event: 5.757 GC heap after
Heap after GC invocations=9 (full 1):
 PSYoungGen      total 38400K, used 5111K [0x00000000eab00000, 0x00000000ed580000, 0x0000000100000000)
  eden space 33280K, 0% used [0x00000000eab00000,0x00000000eab00000,0x00000000ecb80000)
  from space 5120K, 99% used [0x00000000ed080000,0x00000000ed57de50,0x00000000ed580000)
  to   space 5120K, 0% used [0x00000000ecb80000,0x00000000ecb80000,0x00000000ed080000)
 ParOldGen       total 60928K, used 10052K [0x00000000c0000000, 0x00000000c3b80000, 0x00000000eab00000)
  object space 60928K, 16% used [0x00000000c0000000,0x00000000c09d1230,0x00000000c3b80000)
 Metaspace       used 28435K, capacity 28860K, committed 29104K, reserved 1075200K
  class space    used 4036K, capacity 4209K, committed 4272K, reserved 1048576K
}
Event: 6.241 GC heap before
{Heap before GC invocations=10 (full 1):
 PSYoungGen      total 38400K, used 38391K [0x00000000eab00000, 0x00000000ed580000, 0x0000000100000000)
  eden space 33280K, 100% used [0x00000000eab00000,0x00000000ecb80000,0x00000000ecb80000)
  from space 5120K, 99% used [0x00000000ed080000,0x00000000ed57de50,0x00000000ed580000)
  to   space 5120K, 0% used [0x00000000ecb80000,0x00000000ecb80000,0x00000000ed080000)
 ParOldGen       total 60928K, used 10052K [0x00000000c0000000, 0x00000000c3b80000, 0x00000000eab00000)
  object space 60928K, 16% used [0x00000000c0000000,0x00000000c09d1230,0x00000000c3b80000)
 Metaspace       used 30053K, capacity 30530K, committed 30896K, reserved 1075200K
  class space    used 4280K, capacity 4468K, committed 4528K, reserved 1048576K
Event: 6.249 GC heap after
Heap after GC invocations=10 (full 1):
 PSYoungGen      total 38400K, used 5093K [0x00000000eab00000, 0x00000000ed580000, 0x0000000100000000)
  eden space 33280K, 0% used [0x00000000eab00000,0x00000000eab00000,0x00000000ecb80000)
  from space 5120K, 99% used [0x00000000ecb80000,0x00000000ed079558,0x00000000ed080000)
  to   space 5120K, 0% used [0x00000000ed080000,0x00000000ed080000,0x00000000ed580000)
 ParOldGen       total 60928K, used 11804K [0x00000000c0000000, 0x00000000c3b80000, 0x00000000eab00000)
  object space 60928K, 19% used [0x00000000c0000000,0x00000000c0b873e8,0x00000000c3b80000)
 Metaspace       used 30053K, capacity 30530K, committed 30896K, reserved 1075200K
  class space    used 4280K, capacity 4468K, committed 4528K, reserved 1048576K
}
Event: 6.903 GC heap before
{Heap before GC invocations=11 (full 1):
 PSYoungGen      total 38400K, used 38373K [0x00000000eab00000, 0x00000000ed580000, 0x0000000100000000)
  eden space 33280K, 100% used [0x00000000eab00000,0x00000000ecb80000,0x00000000ecb80000)
  from space 5120K, 99% used [0x00000000ecb80000,0x00000000ed079558,0x00000000ed080000)
  to   space 5120K, 0% used [0x00000000ed080000,0x00000000ed080000,0x00000000ed580000)
 ParOldGen       total 60928K, used 11804K [0x00000000c0000000, 0x00000000c3b80000, 0x00000000eab00000)
  object space 60928K, 19% used [0x00000000c0000000,0x00000000c0b873e8,0x00000000c3b80000)
 Metaspace       used 33987K, capacity 34530K, committed 34864K, reserved 1079296K
  class space    used 4818K, capacity 5077K, committed 5168K, reserved 1048576K
Event: 6.913 GC heap after
Heap after GC invocations=11 (full 1):
 PSYoungGen      total 38400K, used 4862K [0x00000000eab00000, 0x00000000ed580000, 0x0000000100000000)
  eden space 33280K, 0% used [0x00000000eab00000,0x00000000eab00000,0x00000000ecb80000)
  from space 5120K, 94% used [0x00000000ed080000,0x00000000ed53fa38,0x00000000ed580000)
  to   space 5120K, 0% used [0x00000000ecb80000,0x00000000ecb80000,0x00000000ed080000)
 ParOldGen       total 60928K, used 14523K [0x00000000c0000000, 0x00000000c3b80000, 0x00000000eab00000)
  object space 60928K, 23% used [0x00000000c0000000,0x00000000c0e2efb8,0x00000000c3b80000)
 Metaspace       used 33987K, capacity 34530K, committed 34864K, reserved 1079296K
  class space    used 4818K, capacity 5077K, committed 5168K, reserved 1048576K
}
Event: 6.980 GC heap before
{Heap before GC invocations=12 (full 1):
 PSYoungGen      total 38400K, used 9950K [0x00000000eab00000, 0x00000000ed580000, 0x0000000100000000)
  eden space 33280K, 15% used [0x00000000eab00000,0x00000000eaff7dd0,0x00000000ecb80000)
  from space 5120K, 94% used [0x00000000ed080000,0x00000000ed53fa38,0x00000000ed580000)
  to   space 5120K, 0% used [0x00000000ecb80000,0x00000000ecb80000,0x00000000ed080000)
 ParOldGen       total 60928K, used 14523K [0x00000000c0000000, 0x00000000c3b80000, 0x00000000eab00000)
  object space 60928K, 23% used [0x00000000c0000000,0x00000000c0e2efb8,0x00000000c3b80000)
 Metaspace       used 34779K, capacity 35298K, committed 35496K, reserved 1079296K
  class space    used 4895K, capacity 5141K, committed 5168K, reserved 1048576K
Event: 6.987 GC heap after
Heap after GC invocations=12 (full 1):
 PSYoungGen      total 38400K, used 784K [0x00000000eab00000, 0x00000000ed580000, 0x0000000100000000)
  eden space 33280K, 0% used [0x00000000eab00000,0x00000000eab00000,0x00000000ecb80000)
  from space 5120K, 15% used [0x00000000ecb80000,0x00000000ecc44128,0x00000000ed080000)
  to   space 5120K, 0% used [0x00000000ed080000,0x00000000ed080000,0x00000000ed580000)
 ParOldGen       total 60928K, used 17128K [0x00000000c0000000, 0x00000000c3b80000, 0x00000000eab00000)
  object space 60928K, 28% used [0x00000000c0000000,0x00000000c10ba030,0x00000000c3b80000)
 Metaspace       used 34779K, capacity 35298K, committed 35496K, reserved 1079296K
  class space    used 4895K, capacity 5141K, committed 5168K, reserved 1048576K
}
Event: 6.987 GC heap before
{Heap before GC invocations=13 (full 2):
 PSYoungGen      total 38400K, used 784K [0x00000000eab00000, 0x00000000ed580000, 0x0000000100000000)
  eden space 33280K, 0% used [0x00000000eab00000,0x00000000eab00000,0x00000000ecb80000)
  from space 5120K, 15% used [0x00000000ecb80000,0x00000000ecc44128,0x00000000ed080000)
  to   space 5120K, 0% used [0x00000000ed080000,0x00000000ed080000,0x00000000ed580000)
 ParOldGen       total 60928K, used 17128K [0x00000000c0000000, 0x00000000c3b80000, 0x00000000eab00000)
  object space 60928K, 28% used [0x00000000c0000000,0x00000000c10ba030,0x00000000c3b80000)
 Metaspace       used 34779K, capacity 35298K, committed 35496K, reserved 1079296K
  class space    used 4895K, capacity 5141K, committed 5168K, reserved 1048576K

