# JRE version: Java(TM) SE Runtime Environment (8.0_144-b01) (build 1.8.0_144-b01)
# Java VM: Java HotSpot(TM) 64-Bit Server VM (25.144-b01 mixed mode windows-amd64 compressed oops)
Heap:
 PSYoungGen      total 68608K, used 6608K [0x00000000eab00000, 0x00000000efa80000, 0x0000000100000000)
  eden space 58880K, 11% used [0x00000000eab00000,0x00000000eb1741d0,0x00000000ee480000)
  from space 9728K, 0% used [0x00000000ef100000,0x00000000ef100000,0x00000000efa80000)
  to   space 11264K, 0% used [0x00000000ee480000,0x00000000ee480000,0x00000000eef80000)
 ParOldGen       total 63488K, used 15746K [0x00000000c0000000, 0x00000000c3e00000, 0x00000000eab00000)
  object space 63488K, 24% used [0x00000000c0000000,0x00000000c0f60b38,0x00000000c3e00000)
 Metaspace       used 38037K, capacity 38616K, committed 38832K, reserved 1083392K
  class space    used 5326K, capacity 5516K, committed 5552K, reserved 1048576K
GC Heap History (10 events):
Event: 33.966 GC heap before
{Heap before GC invocations=11 (full 1):
 PSYoungGen      total 41984K, used 39161K [0x00000000eab00000, 0x00000000ee800000, 0x0000000100000000)
  eden space 32256K, 100% used [0x00000000eab00000,0x00000000eca80000,0x00000000eca80000)
  from space 9728K, 70% used [0x00000000eca80000,0x00000000ed13e620,0x00000000ed400000)
  to   space 9728K, 0% used [0x00000000ede80000,0x00000000ede80000,0x00000000ee800000)
 ParOldGen       total 46592K, used 8862K [0x00000000c0000000, 0x00000000c2d80000, 0x00000000eab00000)
  object space 46592K, 19% used [0x00000000c0000000,0x00000000c08a7bc8,0x00000000c2d80000)
 Metaspace       used 33508K, capacity 34018K, committed 34480K, reserved 1079296K
  class space    used 4748K, capacity 4949K, committed 5040K, reserved 1048576K
Event: 33.976 GC heap after
Heap after GC invocations=11 (full 1):
 PSYoungGen      total 52224K, used 8610K [0x00000000eab00000, 0x00000000ee880000, 0x0000000100000000)
  eden space 42496K, 0% used [0x00000000eab00000,0x00000000eab00000,0x00000000ed480000)
  from space 9728K, 88% used [0x00000000ede80000,0x00000000ee6e8930,0x00000000ee800000)
  to   space 10240K, 0% used [0x00000000ed480000,0x00000000ed480000,0x00000000ede80000)
 ParOldGen       total 46592K, used 8870K [0x00000000c0000000, 0x00000000c2d80000, 0x00000000eab00000)
  object space 46592K, 19% used [0x00000000c0000000,0x00000000c08a9bc8,0x00000000c2d80000)
 Metaspace       used 33508K, capacity 34018K, committed 34480K, reserved 1079296K
  class space    used 4748K, capacity 4949K, committed 5040K, reserved 1048576K
}
Event: 34.382 GC heap before
{Heap before GC invocations=12 (full 1):
 PSYoungGen      total 52224K, used 17216K [0x00000000eab00000, 0x00000000ee880000, 0x0000000100000000)
  eden space 42496K, 20% used [0x00000000eab00000,0x00000000eb367768,0x00000000ed480000)
  from space 9728K, 88% used [0x00000000ede80000,0x00000000ee6e8930,0x00000000ee800000)
  to   space 10240K, 0% used [0x00000000ed480000,0x00000000ed480000,0x00000000ede80000)
 ParOldGen       total 46592K, used 8870K [0x00000000c0000000, 0x00000000c2d80000, 0x00000000eab00000)
  object space 46592K, 19% used [0x00000000c0000000,0x00000000c08a9bc8,0x00000000c2d80000)
 Metaspace       used 34673K, capacity 35298K, committed 35496K, reserved 1079296K
  class space    used 4882K, capacity 5141K, committed 5168K, reserved 1048576K
Event: 34.396 GC heap after
Heap after GC invocations=12 (full 1):
 PSYoungGen      total 52736K, used 8144K [0x00000000eab00000, 0x00000000efb80000, 0x0000000100000000)
  eden space 42496K, 0% used [0x00000000eab00000,0x00000000eab00000,0x00000000ed480000)
  from space 10240K, 79% used [0x00000000ed480000,0x00000000edc74068,0x00000000ede80000)
  to   space 10752K, 0% used [0x00000000ef100000,0x00000000ef100000,0x00000000efb80000)
 ParOldGen       total 46592K, used 8870K [0x00000000c0000000, 0x00000000c2d80000, 0x00000000eab00000)
  object space 46592K, 19% used [0x00000000c0000000,0x00000000c08a9bc8,0x00000000c2d80000)
 Metaspace       used 34673K, capacity 35298K, committed 35496K, reserved 1079296K
  class space    used 4882K, capacity 5141K, committed 5168K, reserved 1048576K
}
Event: 34.396 GC heap before
{Heap before GC invocations=13 (full 2):
 PSYoungGen      total 52736K, used 8144K [0x00000000eab00000, 0x00000000efb80000, 0x0000000100000000)
  eden space 42496K, 0% used [0x00000000eab00000,0x00000000eab00000,0x00000000ed480000)
  from space 10240K, 79% used [0x00000000ed480000,0x00000000edc74068,0x00000000ede80000)
  to   space 10752K, 0% used [0x00000000ef100000,0x00000000ef100000,0x00000000efb80000)
 ParOldGen       total 46592K, used 8870K [0x00000000c0000000, 0x00000000c2d80000, 0x00000000eab00000)
  object space 46592K, 19% used [0x00000000c0000000,0x00000000c08a9bc8,0x00000000c2d80000)
 Metaspace       used 34673K, capacity 35298K, committed 35496K, reserved 1079296K
  class space    used 4882K, capacity 5141K, committed 5168K, reserved 1048576K
Event: 34.483 GC heap after
Heap after GC invocations=13 (full 2):
 PSYoungGen      total 52736K, used 0K [0x00000000eab00000, 0x00000000efb80000, 0x0000000100000000)
  eden space 42496K, 0% used [0x00000000eab00000,0x00000000eab00000,0x00000000ed480000)
  from space 10240K, 0% used [0x00000000ed480000,0x00000000ed480000,0x00000000ede80000)
  to   space 10752K, 0% used [0x00000000ef100000,0x00000000ef100000,0x00000000efb80000)
 ParOldGen       total 63488K, used 14743K [0x00000000c0000000, 0x00000000c3e00000, 0x00000000eab00000)
  object space 63488K, 23% used [0x00000000c0000000,0x00000000c0e65f10,0x00000000c3e00000)
 Metaspace       used 34673K, capacity 35298K, committed 35496K, reserved 1079296K
  class space    used 4882K, capacity 5141K, committed 5168K, reserved 1048576K
}
Event: 35.352 GC heap before
{Heap before GC invocations=14 (full 2):
 PSYoungGen      total 52736K, used 17267K [0x00000000eab00000, 0x00000000efb80000, 0x0000000100000000)
  eden space 42496K, 40% used [0x00000000eab00000,0x00000000ebbdce18,0x00000000ed480000)
  from space 10240K, 0% used [0x00000000ed480000,0x00000000ed480000,0x00000000ede80000)
  to   space 10752K, 0% used [0x00000000ef100000,0x00000000ef100000,0x00000000efb80000)
 ParOldGen       total 63488K, used 14743K [0x00000000c0000000, 0x00000000c3e00000, 0x00000000eab00000)
  object space 63488K, 23% used [0x00000000c0000000,0x00000000c0e65f10,0x00000000c3e00000)
 Metaspace       used 36826K, capacity 37426K, committed 37680K, reserved 1085440K
  class space    used 5159K, capacity 5355K, committed 5424K, reserved 1048576K
Event: 35.361 GC heap after
Heap after GC invocations=14 (full 2):
 PSYoungGen      total 68608K, used 2222K [0x00000000eab00000, 0x00000000efa80000, 0x0000000100000000)
  eden space 58880K, 0% used [0x00000000eab00000,0x00000000eab00000,0x00000000ee480000)
  from space 9728K, 22% used [0x00000000ef100000,0x00000000ef32b960,0x00000000efa80000)
  to   space 11264K, 0% used [0x00000000ee480000,0x00000000ee480000,0x00000000eef80000)
 ParOldGen       total 63488K, used 14751K [0x00000000c0000000, 0x00000000c3e00000, 0x00000000eab00000)
  object space 63488K, 23% used [0x00000000c0000000,0x00000000c0e67f10,0x00000000c3e00000)
 Metaspace       used 36826K, capacity 37426K, committed 37680K, reserved 1085440K
  class space    used 5159K, capacity 5355K, committed 5424K, reserved 1048576K
}
Event: 35.361 GC heap before
{Heap before GC invocations=15 (full 3):
 PSYoungGen      total 68608K, used 2222K [0x00000000eab00000, 0x00000000efa80000, 0x0000000100000000)
  eden space 58880K, 0% used [0x00000000eab00000,0x00000000eab00000,0x00000000ee480000)
  from space 9728K, 22% used [0x00000000ef100000,0x00000000ef32b960,0x00000000efa80000)
  to   space 11264K, 0% used [0x00000000ee480000,0x00000000ee480000,0x00000000eef80000)
 ParOldGen       total 63488K, used 14751K [0x00000000c0000000, 0x00000000c3e00000, 0x00000000eab00000)
  object space 63488K, 23% used [0x00000000c0000000,0x00000000c0e67f10,0x00000000c3e00000)
 Metaspace       used 36826K, capacity 37426K, committed 37680K, reserved 1085440K
  class space    used 5159K, capacity 5355K, committed 5424K, reserved 1048576K
Event: 35.505 GC heap after
Heap after GC invocations=15 (full 3):
 PSYoungGen      total 68608K, used 0K [0x00000000eab00000, 0x00000000efa80000, 0x0000000100000000)
  eden space 58880K, 0% used [0x00000000eab00000,0x00000000eab00000,0x00000000ee480000)
  from space 9728K, 0% used [0x00000000ef100000,0x00000000ef100000,0x00000000efa80000)
  to   space 11264K, 0% used [0x00000000ee480000,0x00000000ee480000,0x00000000eef80000)
 ParOldGen       total 63488K, used 15746K [0x00000000c0000000, 0x00000000c3e00000, 0x00000000eab00000)
  object space 63488K, 24% used [0x00000000c0000000,0x00000000c0f60b38,0x00000000c3e00000)
 Metaspace       used 36826K, capacity 37426K, committed 37680K, reserved 1083392K
  class space    used 5159K, capacity 5355K, committed 5424K, reserved 1048576K
}

