# JRE version: Java(TM) SE Runtime Environment (8.0_144-b01) (build 1.8.0_144-b01)
# Java VM: Java HotSpot(TM) 64-Bit Server VM (25.144-b01 mixed mode windows-amd64 compressed oops)
Heap:
 PSYoungGen      total 143872K, used 126179K [0x00000000eab00000, 0x00000000f5180000, 0x0000000100000000)
  eden space 130560K, 96% used [0x00000000eab00000,0x00000000f2638c90,0x00000000f2a80000)
  from space 13312K, 0% used [0x00000000f3a80000,0x00000000f3a80000,0x00000000f4780000)
  to   space 16384K, 0% used [0x00000000f2a80000,0x00000000f2a80000,0x00000000f3a80000)
 ParOldGen       total 147968K, used 37718K [0x00000000c0000000, 0x00000000c9080000, 0x00000000eab00000)
  object space 147968K, 25% used [0x00000000c0000000,0x00000000c24d59e8,0x00000000c9080000)
 Metaspace       used 62420K, capacity 64030K, committed 64280K, reserved 1103872K
  class space    used 8443K, capacity 8885K, committed 9008K, reserved 1048576K
GC Heap History (10 events):
Event: 7.339 GC heap before
{Heap before GC invocations=11 (full 2):
 PSYoungGen      total 96256K, used 7862K [0x00000000eab00000, 0x00000000f3280000, 0x0000000100000000)
  eden space 84992K, 0% used [0x00000000eab00000,0x00000000eab00000,0x00000000efe00000)
  from space 11264K, 69% used [0x00000000efe00000,0x00000000f05ad8c8,0x00000000f0900000)
  to   space 11264K, 0% used [0x00000000f2780000,0x00000000f2780000,0x00000000f3280000)
 ParOldGen       total 60928K, used 10472K [0x00000000c0000000, 0x00000000c3b80000, 0x00000000eab00000)
  object space 60928K, 17% used [0x00000000c0000000,0x00000000c0a3a068,0x00000000c3b80000)
 Metaspace       used 34722K, capacity 35298K, committed 35496K, reserved 1079296K
  class space    used 4891K, capacity 5141K, committed 5168K, reserved 1048576K
Event: 7.429 GC heap after
Heap after GC invocations=11 (full 2):
 PSYoungGen      total 96256K, used 0K [0x00000000eab00000, 0x00000000f3280000, 0x0000000100000000)
  eden space 84992K, 0% used [0x00000000eab00000,0x00000000eab00000,0x00000000efe00000)
  from space 11264K, 0% used [0x00000000efe00000,0x00000000efe00000,0x00000000f0900000)
  to   space 11264K, 0% used [0x00000000f2780000,0x00000000f2780000,0x00000000f3280000)
 ParOldGen       total 93696K, used 16000K [0x00000000c0000000, 0x00000000c5b80000, 0x00000000eab00000)
  object space 93696K, 17% used [0x00000000c0000000,0x00000000c0fa0138,0x00000000c5b80000)
 Metaspace       used 34722K, capacity 35298K, committed 35496K, reserved 1079296K
  class space    used 4891K, capacity 5141K, committed 5168K, reserved 1048576K
}
Event: 8.893 GC heap before
{Heap before GC invocations=12 (full 2):
 PSYoungGen      total 96256K, used 84992K [0x00000000eab00000, 0x00000000f3280000, 0x0000000100000000)
  eden space 84992K, 100% used [0x00000000eab00000,0x00000000efe00000,0x00000000efe00000)
  from space 11264K, 0% used [0x00000000efe00000,0x00000000efe00000,0x00000000f0900000)
  to   space 11264K, 0% used [0x00000000f2780000,0x00000000f2780000,0x00000000f3280000)
 ParOldGen       total 93696K, used 16000K [0x00000000c0000000, 0x00000000c5b80000, 0x00000000eab00000)
  object space 93696K, 17% used [0x00000000c0000000,0x00000000c0fa0138,0x00000000c5b80000)
 Metaspace       used 41378K, capacity 42164K, committed 42416K, reserved 1085440K
  class space    used 5737K, capacity 6009K, committed 6064K, reserved 1048576K
Event: 8.916 GC heap after
Heap after GC invocations=12 (full 2):
 PSYoungGen      total 119296K, used 11246K [0x00000000eab00000, 0x00000000f3280000, 0x0000000100000000)
  eden space 108032K, 0% used [0x00000000eab00000,0x00000000eab00000,0x00000000f1480000)
  from space 11264K, 99% used [0x00000000f2780000,0x00000000f327bbf0,0x00000000f3280000)
  to   space 12800K, 0% used [0x00000000f1980000,0x00000000f1980000,0x00000000f2600000)
 ParOldGen       total 93696K, used 17835K [0x00000000c0000000, 0x00000000c5b80000, 0x00000000eab00000)
  object space 93696K, 19% used [0x00000000c0000000,0x00000000c116acf8,0x00000000c5b80000)
 Metaspace       used 41378K, capacity 42164K, committed 42416K, reserved 1085440K
  class space    used 5737K, capacity 6009K, committed 6064K, reserved 1048576K
}
Event: 13.191 GC heap before
{Heap before GC invocations=13 (full 2):
 PSYoungGen      total 119296K, used 119278K [0x00000000eab00000, 0x00000000f3280000, 0x0000000100000000)
  eden space 108032K, 100% used [0x00000000eab00000,0x00000000f1480000,0x00000000f1480000)
  from space 11264K, 99% used [0x00000000f2780000,0x00000000f327bbf0,0x00000000f3280000)
  to   space 12800K, 0% used [0x00000000f1980000,0x00000000f1980000,0x00000000f2600000)
 ParOldGen       total 93696K, used 17835K [0x00000000c0000000, 0x00000000c5b80000, 0x00000000eab00000)
  object space 93696K, 19% used [0x00000000c0000000,0x00000000c116acf8,0x00000000c5b80000)
 Metaspace       used 50876K, capacity 52002K, committed 52272K, reserved 1093632K
  class space    used 7057K, capacity 7419K, committed 7472K, reserved 1048576K
Event: 13.209 GC heap after
Heap after GC invocations=13 (full 2):
 PSYoungGen      total 125952K, used 10060K [0x00000000eab00000, 0x00000000f4780000, 0x0000000100000000)
  eden space 113152K, 0% used [0x00000000eab00000,0x00000000eab00000,0x00000000f1980000)
  from space 12800K, 78% used [0x00000000f1980000,0x00000000f2353340,0x00000000f2600000)
  to   space 13312K, 0% used [0x00000000f3a80000,0x00000000f3a80000,0x00000000f4780000)
 ParOldGen       total 93696K, used 25984K [0x00000000c0000000, 0x00000000c5b80000, 0x00000000eab00000)
  object space 93696K, 27% used [0x00000000c0000000,0x00000000c1960120,0x00000000c5b80000)
 Metaspace       used 50876K, capacity 52002K, committed 52272K, reserved 1093632K
  class space    used 7057K, capacity 7419K, committed 7472K, reserved 1048576K
}
Event: 16.188 GC heap before
{Heap before GC invocations=14 (full 2):
 PSYoungGen      total 125952K, used 123026K [0x00000000eab00000, 0x00000000f4780000, 0x0000000100000000)
  eden space 113152K, 99% used [0x00000000eab00000,0x00000000f1951608,0x00000000f1980000)
  from space 12800K, 78% used [0x00000000f1980000,0x00000000f2353340,0x00000000f2600000)
  to   space 13312K, 0% used [0x00000000f3a80000,0x00000000f3a80000,0x00000000f4780000)
 ParOldGen       total 93696K, used 25984K [0x00000000c0000000, 0x00000000c5b80000, 0x00000000eab00000)
  object space 93696K, 27% used [0x00000000c0000000,0x00000000c1960120,0x00000000c5b80000)
 Metaspace       used 57725K, capacity 59120K, committed 59160K, reserved 1099776K
  class space    used 8080K, capacity 8490K, committed 8496K, reserved 1048576K
Event: 16.207 GC heap after
Heap after GC invocations=14 (full 2):
 PSYoungGen      total 143872K, used 13309K [0x00000000eab00000, 0x00000000f5180000, 0x0000000100000000)
  eden space 130560K, 0% used [0x00000000eab00000,0x00000000eab00000,0x00000000f2a80000)
  from space 13312K, 99% used [0x00000000f3a80000,0x00000000f477f468,0x00000000f4780000)
  to   space 16384K, 0% used [0x00000000f2a80000,0x00000000f2a80000,0x00000000f3a80000)
 ParOldGen       total 93696K, used 29503K [0x00000000c0000000, 0x00000000c5b80000, 0x00000000eab00000)
  object space 93696K, 31% used [0x00000000c0000000,0x00000000c1ccfc30,0x00000000c5b80000)
 Metaspace       used 57725K, capacity 59120K, committed 59160K, reserved 1099776K
  class space    used 8080K, capacity 8490K, committed 8496K, reserved 1048576K
}
Event: 16.207 GC heap before
{Heap before GC invocations=15 (full 3):
 PSYoungGen      total 143872K, used 13309K [0x00000000eab00000, 0x00000000f5180000, 0x0000000100000000)
  eden space 130560K, 0% used [0x00000000eab00000,0x00000000eab00000,0x00000000f2a80000)
  from space 13312K, 99% used [0x00000000f3a80000,0x00000000f477f468,0x00000000f4780000)
  to   space 16384K, 0% used [0x00000000f2a80000,0x00000000f2a80000,0x00000000f3a80000)
 ParOldGen       total 93696K, used 29503K [0x00000000c0000000, 0x00000000c5b80000, 0x00000000eab00000)
  object space 93696K, 31% used [0x00000000c0000000,0x00000000c1ccfc30,0x00000000c5b80000)
 Metaspace       used 57725K, capacity 59120K, committed 59160K, reserved 1099776K
  class space    used 8080K, capacity 8490K, committed 8496K, reserved 1048576K
Event: 16.487 GC heap after
Heap after GC invocations=15 (full 3):
 PSYoungGen      total 143872K, used 0K [0x00000000eab00000, 0x00000000f5180000, 0x0000000100000000)
  eden space 130560K, 0% used [0x00000000eab00000,0x00000000eab00000,0x00000000f2a80000)
  from space 13312K, 0% used [0x00000000f3a80000,0x00000000f3a80000,0x00000000f4780000)
  to   space 16384K, 0% used [0x00000000f2a80000,0x00000000f2a80000,0x00000000f3a80000)
 ParOldGen       total 147968K, used 37718K [0x00000000c0000000, 0x00000000c9080000, 0x00000000eab00000)
  object space 147968K, 25% used [0x00000000c0000000,0x00000000c24d59e8,0x00000000c9080000)
 Metaspace       used 57725K, capacity 59120K, committed 59160K, reserved 1099776K
  class space    used 8080K, capacity 8490K, committed 8496K, reserved 1048576K
}

